Using pre-set license
Built from '2020.3/staging' branch; Version is '2020.3.11f1 (99c7afb366b3) revision 10078127'; Using compiler version '192528614'; Build Type 'Release'
OS: 'Windows 10 Pro; OS build 19042.1052; Version 2009; 64bit' Language: 'tr' Physical Memory: 16333 MB
BatchMode: 1, IsHumanControllingUs: 0, StartBugReporterOnCrash: 0, Is64bit: 1, IsPro: 0

 COMMAND LINE ARGUMENTS:
E:\Unity\Editor\Unity.exe
-adb2
-batchMode
-noUpm
-name
AssetImportWorker0
-projectPath
E:/UnityProjects/Roll a ball
-logFile
Logs/AssetImportWorker0.log
-srvPort
54182
Successfully changed project path to: E:/UnityProjects/Roll a ball
E:/UnityProjects/Roll a ball
Using Asset Import Pipeline V2.
Refreshing native plugins compatible for Editor in 56.49 ms, found 2 plugins.
Preloading 0 native plugins for Editor in 0.00 ms.
Initialize engine version: 2020.3.11f1 (99c7afb366b3)
[Subsystems] Discovering subsystems at path E:/Unity/Editor/Data/Resources/UnitySubsystems
[Subsystems] Discovering subsystems at path E:/UnityProjects/Roll a ball/Assets
GfxDevice: creating device client; threaded=0
Direct3D:
    Version:  Direct3D 11.0 [level 11.1]
    Renderer: NVIDIA GeForce RTX 2060 SUPER (ID=0x1f06)
    Vendor:   
    VRAM:     8031 MB
    Driver:   27.21.14.6140
Initialize mono
Mono path[0] = 'E:/Unity/Editor/Data/Managed'
Mono path[1] = 'E:/Unity/Editor/Data/MonoBleedingEdge/lib/mono/unityjit'
Mono config path = 'E:/Unity/Editor/Data/MonoBleedingEdge/etc'
Using monoOptions --debugger-agent=transport=dt_socket,embedding=1,server=y,suspend=n,address=127.0.0.1:56380
Begin MonoManager ReloadAssembly
Registering precompiled unity dll's ...
Register platform support module: E:/Unity/Editor/Data/PlaybackEngines/WindowsStandaloneSupport/UnityEditor.WindowsStandalone.Extensions.dll
Registered in 0.001273 seconds.
Native extension for WindowsStandalone target not found
Refreshing native plugins compatible for Editor in 57.87 ms, found 2 plugins.
Preloading 0 native plugins for Editor in 0.00 ms.
Mono: successfully reloaded assembly
- Completed reload, in  1.078 seconds
Platform modules already initialized, skipping
Registering precompiled user dll's ...
Registered in 0.003833 seconds.
Begin MonoManager ReloadAssembly
Native extension for WindowsStandalone target not found
Refreshing native plugins compatible for Editor in 62.77 ms, found 2 plugins.
Preloading 0 native plugins for Editor in 0.00 ms.
Mono: successfully reloaded assembly
- Completed reload, in  1.291 seconds
Platform modules already initialized, skipping
========================================================================
Worker process is ready to serve import requests
Shader 'Universal Render Pipeline/Particles/Lit': fallback shader 'Universal Render Pipeline/Particles/SimpleLit' not found
Shader 'Universal Render Pipeline/Particles/Lit': fallback shader 'Universal Render Pipeline/Particles/SimpleLit' not found
Launched and connected shader compiler UnityShaderCompiler.exe after 0.08 seconds
Refreshing native plugins compatible for Editor in 0.58 ms, found 2 plugins.
Preloading 0 native plugins for Editor in 0.00 ms.
Unloading 2692 Unused Serialized files (Serialized files now loaded: 0)
System memory in use before: 121.8 MB.
System memory in use after: 119.0 MB.

Unloading 54 unused Assets to reduce memory usage. Loaded Objects now: 3091.
Total: 4.194700 ms (FindLiveObjects: 0.519400 ms CreateObjectMapping: 0.116000 ms MarkObjects: 2.083100 ms  DeleteObjects: 1.473500 ms)

========================================================================
Received Import Request.
  path: Assets/Presets
  artifactKey: Guid(558255460b74ec04fa70b5570e9327bd) Importer(815301076,1909f56bfc062723c751e8b465ee728b)
Start importing Assets/Presets using Guid(558255460b74ec04fa70b5570e9327bd) Importer(815301076,1909f56bfc062723c751e8b465ee728b)  -> (artifact id: 'e1966229f3d7993f283b578bcf544b58') in 0.013217 seconds
  Import took 0.017506 seconds .

========================================================================
Received Import Request.
  Time since last request: 0.000292 seconds.
  path: Assets/Scenes
  artifactKey: Guid(7f38f92762ed75f4ba854ff64a09dee1) Importer(815301076,1909f56bfc062723c751e8b465ee728b)
Start importing Assets/Scenes using Guid(7f38f92762ed75f4ba854ff64a09dee1) Importer(815301076,1909f56bfc062723c751e8b465ee728b)  -> (artifact id: '001eefd85c9de04fbe6486c04fc19c92') in 0.006221 seconds
  Import took 0.009945 seconds .

========================================================================
Received Prepare
Registering precompiled user dll's ...
Registered in 0.003693 seconds.
Begin MonoManager ReloadAssembly
Native extension for WindowsStandalone target not found
Refreshing native plugins compatible for Editor in 0.56 ms, found 2 plugins.
Preloading 0 native plugins for Editor in 0.00 ms.
Mono: successfully reloaded assembly
- Completed reload, in  1.119 seconds
Platform modules already initialized, skipping
Switching render pipeline 19ba41d7c0026c3459d37c2fe90c55a0 -> 00000000000000000000000000000000
Shader 'Universal Render Pipeline/Particles/Lit': fallback shader 'Universal Render Pipeline/Particles/SimpleLit' not found
Shader 'Universal Render Pipeline/Particles/Lit': fallback shader 'Universal Render Pipeline/Particles/SimpleLit' not found
Refreshing native plugins compatible for Editor in 0.54 ms, found 2 plugins.
Preloading 0 native plugins for Editor in 0.00 ms.
Unloading 2614 Unused Serialized files (Serialized files now loaded: 0)
System memory in use before: 118.1 MB.
System memory in use after: 115.3 MB.

Unloading 51 unused Assets to reduce memory usage. Loaded Objects now: 3092.
Total: 3.973100 ms (FindLiveObjects: 0.261700 ms CreateObjectMapping: 0.098300 ms MarkObjects: 2.059900 ms  DeleteObjects: 1.551900 ms)

========================================================================
Received Import Request.
  Time since last request: 80.037236 seconds.
  path: Assets/Scenes/SampleScene.unity
  artifactKey: Guid(d1c3109bdb54ad54c8a2b2838528e640) Importer(815301076,1909f56bfc062723c751e8b465ee728b)
Start importing Assets/Scenes/SampleScene.unity using Guid(d1c3109bdb54ad54c8a2b2838528e640) Importer(815301076,1909f56bfc062723c751e8b465ee728b)  -> (artifact id: '8253f87d9dacbcc977bbe0f5d43575b1') in 0.038320 seconds
  Import took 0.042930 seconds .

========================================================================
Received Import Request.
  Time since last request: 59.256287 seconds.
  path: Assets/Scenes/MainScene.unity
  artifactKey: Guid(d1c3109bdb54ad54c8a2b2838528e640) Importer(815301076,1909f56bfc062723c751e8b465ee728b)
Start importing Assets/Scenes/MainScene.unity using Guid(d1c3109bdb54ad54c8a2b2838528e640) Importer(815301076,1909f56bfc062723c751e8b465ee728b)  -> (artifact id: '6d529dbceef5f09ba5739982f39aa257') in 0.009987 seconds
  Import took 0.015029 seconds .

========================================================================
Received Import Request.
  Time since last request: 4084.694662 seconds.
  path: Assets/Materials/ball.jpg
  artifactKey: Guid(a272d3c967b5ccd4e8c3d9435e1cbec4) Importer(815301076,1909f56bfc062723c751e8b465ee728b)
Start importing Assets/Materials/ball.jpg using Guid(a272d3c967b5ccd4e8c3d9435e1cbec4) Importer(815301076,1909f56bfc062723c751e8b465ee728b)  -> (artifact id: '6591563138c86726c8fdb7a1dcad3794') in 0.210705 seconds
  Import took 0.259816 seconds .

========================================================================
Received Import Request.
  Time since last request: 11.680237 seconds.
  path: Assets/Materials
  artifactKey: Guid(d0234ba368eeec9418390da711bfdad0) Importer(815301076,1909f56bfc062723c751e8b465ee728b)
Start importing Assets/Materials using Guid(d0234ba368eeec9418390da711bfdad0) Importer(815301076,1909f56bfc062723c751e8b465ee728b)  -> (artifact id: 'dd1fccef896d48891410691dfde716e5') in 0.009297 seconds
  Import took 0.015280 seconds .

========================================================================
Received Import Request.
  Time since last request: 2.346263 seconds.
  path: Assets/Materials/Materials
  artifactKey: Guid(78299dec09e866e4d981f24ac30e978d) Importer(815301076,1909f56bfc062723c751e8b465ee728b)
Start importing Assets/Materials/Materials using Guid(78299dec09e866e4d981f24ac30e978d) Importer(815301076,1909f56bfc062723c751e8b465ee728b)  -> (artifact id: '3a88a896247f14a6ca704e0d06487d59') in 0.002338 seconds
  Import took 0.006719 seconds .

========================================================================
Received Import Request.
  Time since last request: 0.000550 seconds.
  path: Assets/Materials/Materials
  artifactKey: Guid(78299dec09e866e4d981f24ac30e978d) Importer(815301076,1909f56bfc062723c751e8b465ee728b)
Start importing Assets/Materials/Materials using Guid(78299dec09e866e4d981f24ac30e978d) Importer(815301076,1909f56bfc062723c751e8b465ee728b)  -> (artifact id: '3a88a896247f14a6ca704e0d06487d59') in 0.002374 seconds
  Import took 0.006441 seconds .

========================================================================
Received Import Request.
  Time since last request: 0.057240 seconds.
  path: Assets/Materials/Materials/ball.mat
  artifactKey: Guid(88b71013d004a874d825921e12db7ba4) Importer(815301076,1909f56bfc062723c751e8b465ee728b)
Start importing Assets/Materials/Materials/ball.mat using Guid(88b71013d004a874d825921e12db7ba4) Importer(815301076,1909f56bfc062723c751e8b465ee728b)  -> (artifact id: '5b97216e0da6a08fd80abd5836f00ae6') in 0.146832 seconds
  Import took 0.151765 seconds .

========================================================================
Received Import Request.
  Time since last request: 41.729284 seconds.
  path: Assets/Materials/Materials/Materials
  artifactKey: Guid(6d08d4ba93cfe3041919cbbd2137b73b) Importer(815301076,1909f56bfc062723c751e8b465ee728b)
Start importing Assets/Materials/Materials/Materials using Guid(6d08d4ba93cfe3041919cbbd2137b73b) Importer(815301076,1909f56bfc062723c751e8b465ee728b)  -> (artifact id: 'c4233a51f03fbc2f7898320dab823ca1') in 0.002191 seconds
  Import took 0.006366 seconds .

========================================================================
Received Import Request.
  Time since last request: 0.000574 seconds.
  path: Assets/Materials/Materials/Materials
  artifactKey: Guid(6d08d4ba93cfe3041919cbbd2137b73b) Importer(815301076,1909f56bfc062723c751e8b465ee728b)
Start importing Assets/Materials/Materials/Materials using Guid(6d08d4ba93cfe3041919cbbd2137b73b) Importer(815301076,1909f56bfc062723c751e8b465ee728b)  -> (artifact id: 'c4233a51f03fbc2f7898320dab823ca1') in 0.002039 seconds
  Import took 0.006148 seconds .

========================================================================
Received Import Request.
  Time since last request: 23.955507 seconds.
  path: Assets/Materials/index.jpg
  artifactKey: Guid(dbff3ec5be1158649b156006e83e70f7) Importer(815301076,1909f56bfc062723c751e8b465ee728b)
Start importing Assets/Materials/index.jpg using Guid(dbff3ec5be1158649b156006e83e70f7) Importer(815301076,1909f56bfc062723c751e8b465ee728b)  -> (artifact id: '8d6b83c0b01e305c7109ae32ddf5ea9c') in 0.016530 seconds
  Import took 0.020886 seconds .

========================================================================
Received Import Request.
  Time since last request: 16.809292 seconds.
  path: Assets/index.jpg
  artifactKey: Guid(8a31c2b1117e44a428a73c609d3dfb4b) Importer(815301076,1909f56bfc062723c751e8b465ee728b)
Start importing Assets/index.jpg using Guid(8a31c2b1117e44a428a73c609d3dfb4b) Importer(815301076,1909f56bfc062723c751e8b465ee728b)  -> (artifact id: '20f260d5b93dfad0210652455e44df64') in 0.010251 seconds
  Import took 0.014912 seconds .

========================================================================
Received Import Request.
  Time since last request: 0.003087 seconds.
  path: Assets/index.jpg
  artifactKey: Guid(8a31c2b1117e44a428a73c609d3dfb4b) Importer(815301076,1909f56bfc062723c751e8b465ee728b)
Start importing Assets/index.jpg using Guid(8a31c2b1117e44a428a73c609d3dfb4b) Importer(815301076,1909f56bfc062723c751e8b465ee728b)  -> (artifact id: '20f260d5b93dfad0210652455e44df64') in 0.006497 seconds
  Import took 0.011071 seconds .

========================================================================
Received Import Request.
  Time since last request: 7.666036 seconds.
  path: Assets/Materials/index.mat
  artifactKey: Guid(7f1344fcf7f318149ab1ad96f74df4e0) Importer(815301076,1909f56bfc062723c751e8b465ee728b)
Start importing Assets/Materials/index.mat using Guid(7f1344fcf7f318149ab1ad96f74df4e0) Importer(815301076,1909f56bfc062723c751e8b465ee728b)  -> (artifact id: '839c6aa65e858875e7904ad23384730d') in 0.017234 seconds
  Import took 0.021398 seconds .

========================================================================
Received Import Request.
  Time since last request: 41.256579 seconds.
  path: Assets/Materials/New Material.mat
  artifactKey: Guid(547f08f9c145ea94fa3b6f2ef46a867a) Importer(815301076,1909f56bfc062723c751e8b465ee728b)
Start importing Assets/Materials/New Material.mat using Guid(547f08f9c145ea94fa3b6f2ef46a867a) Importer(815301076,1909f56bfc062723c751e8b465ee728b)  -> (artifact id: '0c4be93bb86e5f716637c2abda2600a9') in 0.013528 seconds
  Import took 0.017764 seconds .

========================================================================
Received Import Request.
  Time since last request: 70.988646 seconds.
  path: Assets/Materials/33990-sand.1.jpg
  artifactKey: Guid(4f0437464b600e14089726ee875e211e) Importer(815301076,1909f56bfc062723c751e8b465ee728b)
Start importing Assets/Materials/33990-sand.1.jpg using Guid(4f0437464b600e14089726ee875e211e) Importer(815301076,1909f56bfc062723c751e8b465ee728b)  -> (artifact id: '0f526bac9df1a5425624a91c9e4865b1') in 0.014517 seconds
  Import took 0.019550 seconds .

========================================================================
Received Import Request.
  Time since last request: 7.611252 seconds.
  path: Assets/Materials/Materials/33990-sand.1.mat
  artifactKey: Guid(4082905a6d7d3d54793806bae37d8b12) Importer(815301076,1909f56bfc062723c751e8b465ee728b)
Start importing Assets/Materials/Materials/33990-sand.1.mat using Guid(4082905a6d7d3d54793806bae37d8b12) Importer(815301076,1909f56bfc062723c751e8b465ee728b)  -> (artifact id: '86ef582ea90c37206f2c9a2a0ff5c542') in 0.021938 seconds
  Import took 0.029450 seconds .

========================================================================
Received Prepare
Registering precompiled user dll's ...
Registered in 0.095854 seconds.
Begin MonoManager ReloadAssembly
Native extension for WindowsStandalone target not found
Refreshing native plugins compatible for Editor in 56.72 ms, found 2 plugins.
Preloading 0 native plugins for Editor in 0.00 ms.
Mono: successfully reloaded assembly
- Completed reload, in  1.088 seconds
Platform modules already initialized, skipping
Switching render pipeline 19ba41d7c0026c3459d37c2fe90c55a0 -> 00000000000000000000000000000000
Shader 'Universal Render Pipeline/Particles/Lit': fallback shader 'Universal Render Pipeline/Particles/SimpleLit' not found
Shader 'Universal Render Pipeline/Particles/Lit': fallback shader 'Universal Render Pipeline/Particles/SimpleLit' not found
Refreshing native plugins compatible for Editor in 0.59 ms, found 2 plugins.
Preloading 0 native plugins for Editor in 0.00 ms.
Unloading 2910 Unused Serialized files (Serialized files now loaded: 0)
System memory in use before: 130.2 MB.
System memory in use after: 126.6 MB.

Unloading 109 unused Assets to reduce memory usage. Loaded Objects now: 3370.
Total: 4.753800 ms (FindLiveObjects: 0.303500 ms CreateObjectMapping: 0.080200 ms MarkObjects: 1.752600 ms  DeleteObjects: 2.615800 ms)

AssetImportWorkerClient::OnTransportError - code=2 error=End of file
